<?xml version="1.0" encoding="UTF-8"?>
<!-- Generated by org.testng.reporters.JUnitReportReporter -->
<testsuite hostname="NODE2104" failures="0" tests="3" name="GSPANN.Magneto.DemoMagneto" time="58.465" errors="0" timestamp="2022-12-28T10:43:25 IST" skipped="0">
  <testcase classname="GSPANN.Magneto.DemoMagneto" name="addProductToWishlist" time="18.934"/>
  <system-out/>
  <testcase classname="GSPANN.Magneto.DemoMagneto" name="OrderProduct" time="30.677"/>
  <system-out/>
  <testcase classname="GSPANN.Magneto.DemoMagneto" name="createAccount" time="8.854"/>
  <system-out/>
</testsuite> <!-- GSPANN.Magneto.DemoMagneto -->
