<?xml version="1.0" encoding="UTF-8"?>
<!-- Generated by org.testng.reporters.JUnitReportReporter -->
<testsuite hostname="NODE2104" failures="0" tests="1" name="GSPANN.Magneto.AppTest" time="0.003" errors="0" timestamp="2022-12-23T10:36:15 IST" skipped="0">
  <testcase classname="GSPANN.Magneto.AppTest" name="shouldAnswerWithTrue" time="0.003"/>
  <system-out/>
</testsuite> <!-- GSPANN.Magneto.AppTest -->
